<?xml version="1.0" encoding="UTF-8"?>
<!-- Generated by org.testng.reporters.JUnitReportReporter -->
<testsuite hostname="DESKTOP-F9ACE5P" failures="0" tests="1" name="TestNG.ReadExcel" time="9.984" errors="0" timestamp="03 Mar 2024 03:08:08 GMT" skipped="0">
  <testcase classname="TestNG.ReadExcel" name="fblogin" time="9.984"/>
</testsuite> <!-- TestNG.ReadExcel -->
