<?xml version="1.0" encoding="UTF-8"?>
<!-- Generated by org.testng.reporters.JUnitReportReporter -->
<testsuite hostname="DESKTOP-F9ACE5P" failures="0" tests="1" name="OrangeHRM.JobDetails" time="19.821" errors="0" timestamp="29 Feb 2024 16:41:16 GMT" skipped="0">
  <testcase classname="OrangeHRM.JobDetails" name="testlogin" time="19.821"/>
</testsuite> <!-- OrangeHRM.JobDetails -->
