<?xml version="1.0" encoding="UTF-8"?>
<!-- Generated by org.testng.reporters.JUnitReportReporter -->
<testsuite hostname="DESKTOP-F9ACE5P" failures="0" tests="1" name="DataDrivenTesting.ReadExcel" time="10.483" errors="0" timestamp="28 Feb 2024 10:54:59 GMT" skipped="0">
  <testcase classname="DataDrivenTesting.ReadExcel" name="fblogin" time="10.483"/>
</testsuite> <!-- DataDrivenTesting.ReadExcel -->
