<?xml version="1.0" encoding="UTF-8"?>
<!-- Generated by org.testng.reporters.JUnitReportReporter -->
<testsuite hostname="DESKTOP-F9ACE5P" failures="0" tests="1" name="OrangeHRM.Login" time="9.584" errors="0" timestamp="29 Feb 2024 16:44:14 GMT" skipped="0">
  <testcase classname="OrangeHRM.Login" name="testlogin" time="9.584"/>
</testsuite> <!-- OrangeHRM.Login -->
