<?xml version="1.0" encoding="UTF-8"?>
<!-- Generated by org.testng.reporters.JUnitReportReporter -->
<testsuite hostname="DESKTOP-F9ACE5P" failures="0" tests="1" name="OrangeHRM.AddImmigration" time="20.679" errors="0" timestamp="03 Mar 2024 03:41:34 GMT" skipped="0">
  <testcase classname="OrangeHRM.AddImmigration" name="testlogin" time="20.679"/>
</testsuite> <!-- OrangeHRM.AddImmigration -->
