<?xml version="1.0" encoding="UTF-8"?>
<!-- Generated by org.testng.reporters.JUnitReportReporter -->
<testsuite hostname="DESKTOP-F9ACE5P" failures="0" tests="1" name="OrangeHRM.AddImmigration" time="19.560" errors="0" timestamp="29 Feb 2024 11:35:31 GMT" skipped="0">
  <testcase classname="OrangeHRM.AddImmigration" name="testlogin" time="19.560"/>
</testsuite> <!-- OrangeHRM.AddImmigration -->
