<?xml version="1.0" encoding="UTF-8"?>
<!-- Generated by org.testng.reporters.JUnitReportReporter -->
<testsuite hostname="DESKTOP-F9ACE5P" failures="0" tests="1" name="OrangeHRM.logout" time="11.587" errors="0" timestamp="29 Feb 2024 11:46:58 GMT" skipped="0">
  <testcase classname="OrangeHRM.logout" name="testlogin" time="11.587"/>
</testsuite> <!-- OrangeHRM.logout -->
