<?xml version="1.0" encoding="UTF-8"?>
<!-- Generated by org.testng.reporters.JUnitReportReporter -->
<testsuite hostname="DESKTOP-F9ACE5P" failures="0" tests="1" name="DataDrivenTesting.WriteExcel" time="5.847" errors="0" timestamp="27 Feb 2024 10:23:08 GMT" skipped="0">
  <testcase classname="DataDrivenTesting.WriteExcel" name="fblogin" time="5.847"/>
</testsuite> <!-- DataDrivenTesting.WriteExcel -->
