<?xml version="1.0" encoding="UTF-8"?>
<!-- Generated by org.testng.reporters.JUnitReportReporter -->
<testsuite hostname="DESKTOP-F9ACE5P" failures="0" tests="1" name="DataDrivenTesting.WriteExcel" time="4.740" errors="0" timestamp="2024-02-28T17:47:47 IST" skipped="0">
  <testcase classname="DataDrivenTesting.WriteExcel" name="fblogin" time="4.740"/>
  <system-out/>
</testsuite> <!-- DataDrivenTesting.WriteExcel -->
