<?xml version="1.0" encoding="UTF-8"?>
<!-- Generated by org.testng.reporters.JUnitReportReporter -->
<testsuite hostname="DESKTOP-F9ACE5P" failures="0" tests="1" name="TestNG.AppTest" time="0.002" errors="0" timestamp="2024-02-28T10:47:31 IST" skipped="0">
  <testcase classname="TestNG.AppTest" name="testApp" time="0.002"/>
  <system-out/>
</testsuite> <!-- TestNG.AppTest -->
