<?xml version="1.0" encoding="UTF-8"?>
<!-- Generated by org.testng.reporters.JUnitReportReporter -->
<testsuite hostname="DESKTOP-F9ACE5P" failures="0" tests="1" name="DataDrivenTesting.WriteExcel" time="5.353" errors="0" timestamp="2024-02-28T13:04:38 IST" skipped="0">
  <testcase classname="DataDrivenTesting.WriteExcel" name="fblogin" time="5.353"/>
  <system-out/>
</testsuite> <!-- DataDrivenTesting.WriteExcel -->
